2023-03-16 10:55:24,139 INFO o.a.j.u.JMeterUtils: Setting Locale to en_EN
2023-03-16 10:55:24,172 INFO o.a.j.JMeter: Loading user properties from: user.properties
2023-03-16 10:55:24,172 INFO o.a.j.JMeter: Loading system properties from: system.properties
2023-03-16 10:55:24,172 INFO o.a.j.JMeter: Copyright (c) 1998-2022 The Apache Software Foundation
2023-03-16 10:55:24,172 INFO o.a.j.JMeter: Version 5.5
2023-03-16 10:55:24,172 INFO o.a.j.JMeter: java.version=15
2023-03-16 10:55:24,172 INFO o.a.j.JMeter: java.vm.name=OpenJDK 64-Bit Server VM
2023-03-16 10:55:24,188 INFO o.a.j.JMeter: os.name=Windows 10
2023-03-16 10:55:24,188 INFO o.a.j.JMeter: os.arch=amd64
2023-03-16 10:55:24,188 INFO o.a.j.JMeter: os.version=10.0
2023-03-16 10:55:24,189 INFO o.a.j.JMeter: file.encoding=Cp1252
2023-03-16 10:55:24,189 INFO o.a.j.JMeter: java.awt.headless=null
2023-03-16 10:55:24,189 INFO o.a.j.JMeter: Max memory     =1073741824
2023-03-16 10:55:24,189 INFO o.a.j.JMeter: Available Processors =8
2023-03-16 10:55:24,204 INFO o.a.j.JMeter: Default Locale=English (EN)
2023-03-16 10:55:24,204 INFO o.a.j.JMeter: JMeter  Locale=English (EN)
2023-03-16 10:55:24,204 INFO o.a.j.JMeter: JMeterHome=C:\Users\VSING116\Documents\Practice_CC\apache-jmeter-5.5
2023-03-16 10:55:24,204 INFO o.a.j.JMeter: user.dir  =C:\Users\VSING116\Documents\Practice_CC\apache-jmeter-5.5\bin
2023-03-16 10:55:24,204 INFO o.a.j.JMeter: PWD       =C:\Users\VSING116\Documents\Practice_CC\apache-jmeter-5.5\bin
2023-03-16 10:55:24,210 INFO o.a.j.JMeter: IP: 192.168.0.205 Name: LIN25007783 FullName: LIN25007783.corp.capgemini.com
2023-03-16 10:55:24,210 INFO o.a.j.JMeter: Loaded icon properties from org/apache/jmeter/images/icon.properties
2023-03-16 10:55:24,494 INFO o.a.j.JMeterGuiLauncher: Setting LAF to: com.github.weisj.darklaf.DarkLaf:com.github.weisj.darklaf.theme.DarculaTheme
2023-03-16 10:56:37,113 INFO o.a.j.p.h.s.HTTPSamplerBase: Parser for text/html is org.apache.jmeter.protocol.http.parser.LagartoBasedHtmlParser
2023-03-16 10:56:37,113 INFO o.a.j.p.h.s.HTTPSamplerBase: Parser for application/xhtml+xml is org.apache.jmeter.protocol.http.parser.LagartoBasedHtmlParser
2023-03-16 10:56:37,113 INFO o.a.j.p.h.s.HTTPSamplerBase: Parser for application/xml is org.apache.jmeter.protocol.http.parser.LagartoBasedHtmlParser
2023-03-16 10:56:37,113 INFO o.a.j.p.h.s.HTTPSamplerBase: Parser for text/xml is org.apache.jmeter.protocol.http.parser.LagartoBasedHtmlParser
2023-03-16 10:56:37,113 INFO o.a.j.p.h.s.HTTPSamplerBase: Parser for text/vnd.wap.wml is org.apache.jmeter.protocol.http.parser.RegexpHTMLParser
2023-03-16 10:56:37,113 INFO o.a.j.p.h.s.HTTPSamplerBase: Parser for text/css is org.apache.jmeter.protocol.http.parser.CssParser
2023-03-16 10:57:20,841 INFO o.a.j.s.SampleResult: Note: Sample TimeStamps are START times
2023-03-16 10:57:20,841 INFO o.a.j.s.SampleResult: sampleresult.default.encoding is set to ISO-8859-1
2023-03-16 10:57:20,841 INFO o.a.j.s.SampleResult: sampleresult.useNanoTime=true
2023-03-16 10:57:20,841 INFO o.a.j.s.SampleResult: sampleresult.nanoThreadSleep=5000
2023-03-16 10:57:21,021 INFO o.a.j.v.ViewResultsFullVisualizer: Add JavaFX to your Java installation if you want to use renderer: org.apache.jmeter.visualizers.RenderInBrowser
2023-03-16 10:57:37,383 INFO o.a.j.s.FileServer: Default base='C:\Users\VSING116\Documents\Practice_CC\apache-jmeter-5.5\bin'
2023-03-16 10:57:37,383 INFO o.a.j.s.FileServer: Set new base='C:\Users\VSING116\Documents\Practice_CC\apache-jmeter-5.5\bin'
2023-03-16 10:57:37,709 INFO o.a.j.s.SaveService: Testplan (JMX) version: 2.2. Testlog (JTL) version: 2.2
2023-03-16 10:57:37,739 INFO o.a.j.s.SaveService: Using SaveService properties version 5.0
2023-03-16 10:57:37,739 INFO o.a.j.s.SaveService: Using SaveService properties file encoding UTF-8
2023-03-16 10:57:37,771 INFO o.a.j.e.StandardJMeterEngine: Running the test!
2023-03-16 10:57:37,771 INFO o.a.j.s.SampleEvent: List of sample_variables: []
2023-03-16 10:57:37,771 INFO o.a.j.s.SampleEvent: List of sample_variables: []
2023-03-16 10:57:37,787 INFO o.a.j.e.u.CompoundVariable: Note: Function class names must contain the string: '.functions.'
2023-03-16 10:57:37,788 INFO o.a.j.e.u.CompoundVariable: Note: Function class names must not contain the string: '.gui.'
2023-03-16 10:57:37,841 INFO o.a.j.g.u.JMeterMenuBar: setRunning(true, *local*)
2023-03-16 10:57:37,892 INFO o.a.j.e.StandardJMeterEngine: Starting ThreadGroup: 1 : Thread Group
2023-03-16 10:57:37,892 INFO o.a.j.e.StandardJMeterEngine: Starting 10 threads for group Thread Group.
2023-03-16 10:57:37,892 INFO o.a.j.e.StandardJMeterEngine: Thread will continue on error
2023-03-16 10:57:37,892 INFO o.a.j.t.ThreadGroup: Starting thread group... number=1 threads=10 ramp-up=1 delayedStart=false
2023-03-16 10:57:37,897 INFO o.a.j.t.JMeterThread: Thread started: Thread Group 1-1
2023-03-16 10:57:37,917 INFO o.a.j.t.ThreadGroup: Started thread group number 1
2023-03-16 10:57:37,917 INFO o.a.j.e.StandardJMeterEngine: All thread groups have been started
2023-03-16 10:57:37,929 INFO o.a.j.p.h.s.HTTPHCAbstractImpl: Local host = LIN25007783
2023-03-16 10:57:37,937 INFO o.a.j.p.h.s.HTTPHC4Impl: HTTP request retry count = 0
2023-03-16 10:57:37,997 INFO o.a.j.t.JMeterThread: Thread started: Thread Group 1-2
2023-03-16 10:57:38,099 INFO o.a.j.t.JMeterThread: Thread started: Thread Group 1-3
2023-03-16 10:57:38,197 INFO o.a.j.t.JMeterThread: Thread started: Thread Group 1-4
2023-03-16 10:57:38,296 INFO o.a.j.t.JMeterThread: Thread started: Thread Group 1-5
2023-03-16 10:57:38,397 INFO o.a.j.t.JMeterThread: Thread started: Thread Group 1-6
2023-03-16 10:57:38,495 INFO o.a.j.t.JMeterThread: Thread started: Thread Group 1-7
2023-03-16 10:57:38,596 INFO o.a.j.t.JMeterThread: Thread started: Thread Group 1-8
2023-03-16 10:57:38,698 INFO o.a.j.t.JMeterThread: Thread started: Thread Group 1-9
2023-03-16 10:57:38,797 INFO o.a.j.t.JMeterThread: Thread started: Thread Group 1-10
2023-03-16 10:57:40,502 INFO o.a.j.t.JMeterThread: Thread is done: Thread Group 1-3
2023-03-16 10:57:40,502 INFO o.a.j.t.JMeterThread: Thread is done: Thread Group 1-6
2023-03-16 10:57:40,502 INFO o.a.j.t.JMeterThread: Thread is done: Thread Group 1-4
2023-03-16 10:57:40,503 INFO o.a.j.t.JMeterThread: Thread finished: Thread Group 1-3
2023-03-16 10:57:40,503 INFO o.a.j.t.JMeterThread: Thread finished: Thread Group 1-6
2023-03-16 10:57:40,503 INFO o.a.j.t.JMeterThread: Thread finished: Thread Group 1-4
2023-03-16 10:57:40,507 INFO o.a.j.t.JMeterThread: Thread is done: Thread Group 1-7
2023-03-16 10:57:40,507 INFO o.a.j.t.JMeterThread: Thread finished: Thread Group 1-7
2023-03-16 10:57:40,609 INFO o.a.j.t.JMeterThread: Thread is done: Thread Group 1-8
2023-03-16 10:57:40,609 INFO o.a.j.t.JMeterThread: Thread finished: Thread Group 1-8
2023-03-16 10:57:40,709 INFO o.a.j.t.JMeterThread: Thread is done: Thread Group 1-9
2023-03-16 10:57:40,709 INFO o.a.j.t.JMeterThread: Thread finished: Thread Group 1-9
2023-03-16 10:57:40,822 INFO o.a.j.t.JMeterThread: Thread is done: Thread Group 1-10
2023-03-16 10:57:40,822 INFO o.a.j.t.JMeterThread: Thread finished: Thread Group 1-10
2023-03-16 10:57:41,744 INFO o.a.j.t.JMeterThread: Thread is done: Thread Group 1-5
2023-03-16 10:57:41,744 INFO o.a.j.t.JMeterThread: Thread finished: Thread Group 1-5
2023-03-16 10:57:41,747 INFO o.a.j.t.JMeterThread: Thread is done: Thread Group 1-2
2023-03-16 10:57:41,747 INFO o.a.j.t.JMeterThread: Thread finished: Thread Group 1-2
2023-03-16 10:57:42,337 INFO o.a.j.t.JMeterThread: Thread is done: Thread Group 1-1
2023-03-16 10:57:42,337 INFO o.a.j.t.JMeterThread: Thread finished: Thread Group 1-1
2023-03-16 10:57:42,337 INFO o.a.j.e.StandardJMeterEngine: Notifying test listeners of end of test
2023-03-16 10:57:42,337 INFO o.a.j.g.u.JMeterMenuBar: setRunning(false, *local*)
2023-03-16 11:01:35,360 INFO o.a.j.e.StandardJMeterEngine: Running the test!
2023-03-16 11:01:35,360 INFO o.a.j.s.SampleEvent: List of sample_variables: []
2023-03-16 11:01:35,375 INFO o.a.j.g.u.JMeterMenuBar: setRunning(true, *local*)
2023-03-16 11:01:35,411 INFO o.a.j.e.StandardJMeterEngine: Starting ThreadGroup: 1 : Thread Group
2023-03-16 11:01:35,411 INFO o.a.j.e.StandardJMeterEngine: Starting 10 threads for group Thread Group.
2023-03-16 11:01:35,411 INFO o.a.j.e.StandardJMeterEngine: Thread will continue on error
2023-03-16 11:01:35,411 INFO o.a.j.t.ThreadGroup: Starting thread group... number=1 threads=10 ramp-up=1 delayedStart=false
2023-03-16 11:01:35,411 INFO o.a.j.t.JMeterThread: Thread started: Thread Group 1-1
2023-03-16 11:01:35,437 INFO o.a.j.t.ThreadGroup: Started thread group number 1
2023-03-16 11:01:35,437 INFO o.a.j.e.StandardJMeterEngine: All thread groups have been started
2023-03-16 11:01:35,528 INFO o.a.j.t.JMeterThread: Thread started: Thread Group 1-2
2023-03-16 11:01:35,644 INFO o.a.j.t.JMeterThread: Thread started: Thread Group 1-3
2023-03-16 11:01:35,690 INFO o.a.j.t.JMeterThread: Thread is done: Thread Group 1-1
2023-03-16 11:01:35,690 INFO o.a.j.t.JMeterThread: Thread finished: Thread Group 1-1
2023-03-16 11:01:35,718 INFO o.a.j.t.JMeterThread: Thread started: Thread Group 1-4
2023-03-16 11:01:35,817 INFO o.a.j.t.JMeterThread: Thread started: Thread Group 1-5
2023-03-16 11:01:35,826 INFO o.a.j.t.JMeterThread: Thread is done: Thread Group 1-2
2023-03-16 11:01:35,826 INFO o.a.j.t.JMeterThread: Thread finished: Thread Group 1-2
2023-03-16 11:01:35,907 INFO o.a.j.t.JMeterThread: Thread is done: Thread Group 1-3
2023-03-16 11:01:35,908 INFO o.a.j.t.JMeterThread: Thread finished: Thread Group 1-3
2023-03-16 11:01:35,915 INFO o.a.j.t.JMeterThread: Thread started: Thread Group 1-6
2023-03-16 11:01:36,015 INFO o.a.j.t.JMeterThread: Thread started: Thread Group 1-7
2023-03-16 11:01:36,113 INFO o.a.j.t.JMeterThread: Thread started: Thread Group 1-8
2023-03-16 11:01:36,217 INFO o.a.j.t.JMeterThread: Thread started: Thread Group 1-9
2023-03-16 11:01:36,314 INFO o.a.j.t.JMeterThread: Thread started: Thread Group 1-10
2023-03-16 11:01:37,578 INFO o.a.j.t.JMeterThread: Thread is done: Thread Group 1-5
2023-03-16 11:01:37,578 INFO o.a.j.t.JMeterThread: Thread is done: Thread Group 1-4
2023-03-16 11:01:37,578 INFO o.a.j.t.JMeterThread: Thread finished: Thread Group 1-5
2023-03-16 11:01:37,586 INFO o.a.j.t.JMeterThread: Thread finished: Thread Group 1-4
2023-03-16 11:01:37,589 INFO o.a.j.t.JMeterThread: Thread is done: Thread Group 1-6
2023-03-16 11:01:37,589 INFO o.a.j.t.JMeterThread: Thread finished: Thread Group 1-6
2023-03-16 11:01:38,028 INFO o.a.j.t.JMeterThread: Thread is done: Thread Group 1-7
2023-03-16 11:01:38,028 INFO o.a.j.t.JMeterThread: Thread finished: Thread Group 1-7
2023-03-16 11:01:38,141 INFO o.a.j.t.JMeterThread: Thread is done: Thread Group 1-8
2023-03-16 11:01:38,141 INFO o.a.j.t.JMeterThread: Thread finished: Thread Group 1-8
2023-03-16 11:01:38,226 INFO o.a.j.t.JMeterThread: Thread is done: Thread Group 1-9
2023-03-16 11:01:38,226 INFO o.a.j.t.JMeterThread: Thread finished: Thread Group 1-9
2023-03-16 11:01:38,334 INFO o.a.j.t.JMeterThread: Thread is done: Thread Group 1-10
2023-03-16 11:01:38,334 INFO o.a.j.t.JMeterThread: Thread finished: Thread Group 1-10
2023-03-16 11:01:38,334 INFO o.a.j.e.StandardJMeterEngine: Notifying test listeners of end of test
2023-03-16 11:01:38,337 INFO o.a.j.g.u.JMeterMenuBar: setRunning(false, *local*)
2023-03-16 11:02:31,659 INFO o.a.j.e.StandardJMeterEngine: Running the test!
2023-03-16 11:02:31,659 INFO o.a.j.s.SampleEvent: List of sample_variables: []
2023-03-16 11:02:31,659 INFO o.a.j.g.u.JMeterMenuBar: setRunning(true, *local*)
2023-03-16 11:02:31,659 INFO o.a.j.e.StandardJMeterEngine: Starting ThreadGroup: 1 : Thread Group
2023-03-16 11:02:31,659 INFO o.a.j.e.StandardJMeterEngine: Starting 10 threads for group Thread Group.
2023-03-16 11:02:31,659 INFO o.a.j.e.StandardJMeterEngine: Thread will continue on error
2023-03-16 11:02:31,659 INFO o.a.j.t.ThreadGroup: Starting thread group... number=1 threads=10 ramp-up=1 delayedStart=false
2023-03-16 11:02:31,676 INFO o.a.j.t.JMeterThread: Thread started: Thread Group 1-1
2023-03-16 11:02:31,686 INFO o.a.j.t.ThreadGroup: Started thread group number 1
2023-03-16 11:02:31,687 INFO o.a.j.e.StandardJMeterEngine: All thread groups have been started
2023-03-16 11:02:31,763 INFO o.a.j.t.JMeterThread: Thread started: Thread Group 1-2
2023-03-16 11:02:31,863 INFO o.a.j.t.JMeterThread: Thread started: Thread Group 1-3
2023-03-16 11:02:31,962 INFO o.a.j.t.JMeterThread: Thread started: Thread Group 1-4
2023-03-16 11:02:32,062 INFO o.a.j.t.JMeterThread: Thread started: Thread Group 1-5
2023-03-16 11:02:32,080 INFO o.a.j.t.JMeterThread: Thread is done: Thread Group 1-1
2023-03-16 11:02:32,080 INFO o.a.j.t.JMeterThread: Thread finished: Thread Group 1-1
2023-03-16 11:02:32,082 INFO o.a.j.t.JMeterThread: Thread is done: Thread Group 1-2
2023-03-16 11:02:32,082 INFO o.a.j.t.JMeterThread: Thread finished: Thread Group 1-2
2023-03-16 11:02:32,140 INFO o.a.j.t.JMeterThread: Thread is done: Thread Group 1-3
2023-03-16 11:02:32,140 INFO o.a.j.t.JMeterThread: Thread finished: Thread Group 1-3
2023-03-16 11:02:32,164 INFO o.a.j.t.JMeterThread: Thread started: Thread Group 1-6
2023-03-16 11:02:32,263 INFO o.a.j.t.JMeterThread: Thread started: Thread Group 1-7
2023-03-16 11:02:32,361 INFO o.a.j.t.JMeterThread: Thread started: Thread Group 1-8
2023-03-16 11:02:32,462 INFO o.a.j.t.JMeterThread: Thread started: Thread Group 1-9
2023-03-16 11:02:32,562 INFO o.a.j.t.JMeterThread: Thread started: Thread Group 1-10
2023-03-16 11:02:33,118 INFO o.a.j.t.JMeterThread: Thread is done: Thread Group 1-5
2023-03-16 11:02:33,118 INFO o.a.j.t.JMeterThread: Thread finished: Thread Group 1-5
2023-03-16 11:02:33,121 INFO o.a.j.t.JMeterThread: Thread is done: Thread Group 1-6
2023-03-16 11:02:33,121 INFO o.a.j.t.JMeterThread: Thread finished: Thread Group 1-6
2023-03-16 11:02:33,685 INFO o.a.j.t.JMeterThread: Thread is done: Thread Group 1-4
2023-03-16 11:02:33,685 INFO o.a.j.t.JMeterThread: Thread finished: Thread Group 1-4
2023-03-16 11:02:34,098 INFO o.a.j.t.JMeterThread: Thread is done: Thread Group 1-7
2023-03-16 11:02:34,098 INFO o.a.j.t.JMeterThread: Thread is done: Thread Group 1-8
2023-03-16 11:02:34,099 INFO o.a.j.t.JMeterThread: Thread finished: Thread Group 1-7
2023-03-16 11:02:34,099 INFO o.a.j.t.JMeterThread: Thread finished: Thread Group 1-8
2023-03-16 11:02:34,490 INFO o.a.j.t.JMeterThread: Thread is done: Thread Group 1-9
2023-03-16 11:02:34,490 INFO o.a.j.t.JMeterThread: Thread finished: Thread Group 1-9
2023-03-16 11:02:34,585 INFO o.a.j.t.JMeterThread: Thread is done: Thread Group 1-10
2023-03-16 11:02:34,585 INFO o.a.j.t.JMeterThread: Thread finished: Thread Group 1-10
2023-03-16 11:02:34,585 INFO o.a.j.e.StandardJMeterEngine: Notifying test listeners of end of test
2023-03-16 11:02:34,591 INFO o.a.j.g.u.JMeterMenuBar: setRunning(false, *local*)
2023-03-16 11:04:19,546 INFO o.a.j.e.StandardJMeterEngine: Running the test!
2023-03-16 11:04:19,546 INFO o.a.j.s.SampleEvent: List of sample_variables: []
2023-03-16 11:04:19,546 INFO o.a.j.g.u.JMeterMenuBar: setRunning(true, *local*)
2023-03-16 11:04:19,592 INFO o.a.j.e.StandardJMeterEngine: Starting ThreadGroup: 1 : Thread Group
2023-03-16 11:04:19,592 INFO o.a.j.e.StandardJMeterEngine: Starting 10 threads for group Thread Group.
2023-03-16 11:04:19,592 INFO o.a.j.e.StandardJMeterEngine: Thread will continue on error
2023-03-16 11:04:19,592 INFO o.a.j.t.ThreadGroup: Starting thread group... number=1 threads=10 ramp-up=1 delayedStart=false
2023-03-16 11:04:19,592 INFO o.a.j.t.JMeterThread: Thread started: Thread Group 1-1
2023-03-16 11:04:19,603 INFO o.a.j.t.ThreadGroup: Started thread group number 1
2023-03-16 11:04:19,604 INFO o.a.j.e.StandardJMeterEngine: All thread groups have been started
2023-03-16 11:04:19,704 INFO o.a.j.t.JMeterThread: Thread started: Thread Group 1-2
2023-03-16 11:04:19,797 INFO o.a.j.t.JMeterThread: Thread started: Thread Group 1-3
2023-03-16 11:04:19,857 INFO o.a.j.t.JMeterThread: Thread is done: Thread Group 1-1
2023-03-16 11:04:19,858 INFO o.a.j.t.JMeterThread: Thread finished: Thread Group 1-1
2023-03-16 11:04:19,895 INFO o.a.j.t.JMeterThread: Thread started: Thread Group 1-4
2023-03-16 11:04:19,961 INFO o.a.j.t.JMeterThread: Thread is done: Thread Group 1-2
2023-03-16 11:04:19,961 INFO o.a.j.t.JMeterThread: Thread finished: Thread Group 1-2
2023-03-16 11:04:19,996 INFO o.a.j.t.JMeterThread: Thread started: Thread Group 1-5
2023-03-16 11:04:20,061 INFO o.a.j.t.JMeterThread: Thread is done: Thread Group 1-3
2023-03-16 11:04:20,061 INFO o.a.j.t.JMeterThread: Thread finished: Thread Group 1-3
2023-03-16 11:04:20,095 INFO o.a.j.t.JMeterThread: Thread started: Thread Group 1-6
2023-03-16 11:04:20,148 INFO o.a.j.t.JMeterThread: Thread is done: Thread Group 1-4
2023-03-16 11:04:20,148 INFO o.a.j.t.JMeterThread: Thread finished: Thread Group 1-4
2023-03-16 11:04:20,198 INFO o.a.j.t.JMeterThread: Thread started: Thread Group 1-7
2023-03-16 11:04:20,295 INFO o.a.j.t.JMeterThread: Thread started: Thread Group 1-8
2023-03-16 11:04:20,396 INFO o.a.j.t.JMeterThread: Thread started: Thread Group 1-9
2023-03-16 11:04:20,493 INFO o.a.j.t.JMeterThread: Thread started: Thread Group 1-10
2023-03-16 11:04:21,028 INFO o.a.j.t.JMeterThread: Thread is done: Thread Group 1-5
2023-03-16 11:04:21,031 INFO o.a.j.t.JMeterThread: Thread finished: Thread Group 1-5
2023-03-16 11:04:21,042 INFO o.a.j.t.JMeterThread: Thread is done: Thread Group 1-6
2023-03-16 11:04:21,042 INFO o.a.j.t.JMeterThread: Thread finished: Thread Group 1-6
2023-03-16 11:04:22,137 INFO o.a.j.t.JMeterThread: Thread is done: Thread Group 1-8
2023-03-16 11:04:22,137 INFO o.a.j.t.JMeterThread: Thread is done: Thread Group 1-7
2023-03-16 11:04:22,142 INFO o.a.j.t.JMeterThread: Thread finished: Thread Group 1-8
2023-03-16 11:04:22,142 INFO o.a.j.t.JMeterThread: Thread finished: Thread Group 1-7
2023-03-16 11:04:22,409 INFO o.a.j.t.JMeterThread: Thread is done: Thread Group 1-9
2023-03-16 11:04:22,409 INFO o.a.j.t.JMeterThread: Thread finished: Thread Group 1-9
2023-03-16 11:04:22,512 INFO o.a.j.t.JMeterThread: Thread is done: Thread Group 1-10
2023-03-16 11:04:22,512 INFO o.a.j.t.JMeterThread: Thread finished: Thread Group 1-10
2023-03-16 11:04:22,516 INFO o.a.j.e.StandardJMeterEngine: Notifying test listeners of end of test
2023-03-16 11:04:22,517 INFO o.a.j.g.u.JMeterMenuBar: setRunning(false, *local*)
2023-03-16 11:05:21,433 INFO o.a.j.e.StandardJMeterEngine: Running the test!
2023-03-16 11:05:21,433 INFO o.a.j.s.SampleEvent: List of sample_variables: []
2023-03-16 11:05:21,433 INFO o.a.j.g.u.JMeterMenuBar: setRunning(true, *local*)
2023-03-16 11:05:21,449 INFO o.a.j.e.StandardJMeterEngine: Starting ThreadGroup: 1 : Thread Group
2023-03-16 11:05:21,449 INFO o.a.j.e.StandardJMeterEngine: Starting 10 threads for group Thread Group.
2023-03-16 11:05:21,449 INFO o.a.j.e.StandardJMeterEngine: Thread will continue on error
2023-03-16 11:05:21,449 INFO o.a.j.t.ThreadGroup: Starting thread group... number=1 threads=10 ramp-up=1 delayedStart=false
2023-03-16 11:05:21,449 INFO o.a.j.t.JMeterThread: Thread started: Thread Group 1-1
2023-03-16 11:05:21,461 INFO o.a.j.t.ThreadGroup: Started thread group number 1
2023-03-16 11:05:21,461 INFO o.a.j.e.StandardJMeterEngine: All thread groups have been started
2023-03-16 11:05:21,556 INFO o.a.j.t.JMeterThread: Thread started: Thread Group 1-2
2023-03-16 11:05:21,663 INFO o.a.j.t.JMeterThread: Thread started: Thread Group 1-3
2023-03-16 11:05:21,757 INFO o.a.j.t.JMeterThread: Thread started: Thread Group 1-4
2023-03-16 11:05:21,864 INFO o.a.j.t.JMeterThread: Thread started: Thread Group 1-5
2023-03-16 11:05:21,876 INFO o.a.j.t.JMeterThread: Thread is done: Thread Group 1-2
2023-03-16 11:05:21,876 INFO o.a.j.t.JMeterThread: Thread is done: Thread Group 1-1
2023-03-16 11:05:21,877 INFO o.a.j.t.JMeterThread: Thread finished: Thread Group 1-1
2023-03-16 11:05:21,877 INFO o.a.j.t.JMeterThread: Thread finished: Thread Group 1-2
2023-03-16 11:05:21,956 INFO o.a.j.t.JMeterThread: Thread started: Thread Group 1-6
2023-03-16 11:05:22,057 INFO o.a.j.t.JMeterThread: Thread started: Thread Group 1-7
2023-03-16 11:05:22,158 INFO o.a.j.t.JMeterThread: Thread started: Thread Group 1-8
2023-03-16 11:05:22,258 INFO o.a.j.t.JMeterThread: Thread started: Thread Group 1-9
2023-03-16 11:05:22,358 INFO o.a.j.t.JMeterThread: Thread started: Thread Group 1-10
2023-03-16 11:05:22,577 INFO o.a.j.t.JMeterThread: Thread is done: Thread Group 1-3
2023-03-16 11:05:22,577 INFO o.a.j.t.JMeterThread: Thread is done: Thread Group 1-4
2023-03-16 11:05:22,577 INFO o.a.j.t.JMeterThread: Thread finished: Thread Group 1-3
2023-03-16 11:05:22,584 INFO o.a.j.t.JMeterThread: Thread finished: Thread Group 1-4
2023-03-16 11:05:23,884 INFO o.a.j.t.JMeterThread: Thread is done: Thread Group 1-5
2023-03-16 11:05:23,889 INFO o.a.j.t.JMeterThread: Thread finished: Thread Group 1-5
2023-03-16 11:05:23,967 INFO o.a.j.t.JMeterThread: Thread is done: Thread Group 1-6
2023-03-16 11:05:23,967 INFO o.a.j.t.JMeterThread: Thread finished: Thread Group 1-6
2023-03-16 11:05:24,068 INFO o.a.j.t.JMeterThread: Thread is done: Thread Group 1-7
2023-03-16 11:05:24,068 INFO o.a.j.t.JMeterThread: Thread finished: Thread Group 1-7
2023-03-16 11:05:24,181 INFO o.a.j.t.JMeterThread: Thread is done: Thread Group 1-8
2023-03-16 11:05:24,181 INFO o.a.j.t.JMeterThread: Thread finished: Thread Group 1-8
2023-03-16 11:05:24,280 INFO o.a.j.t.JMeterThread: Thread is done: Thread Group 1-9
2023-03-16 11:05:24,280 INFO o.a.j.t.JMeterThread: Thread finished: Thread Group 1-9
2023-03-16 11:05:24,372 INFO o.a.j.t.JMeterThread: Thread is done: Thread Group 1-10
2023-03-16 11:05:24,372 INFO o.a.j.t.JMeterThread: Thread finished: Thread Group 1-10
2023-03-16 11:05:24,374 INFO o.a.j.e.StandardJMeterEngine: Notifying test listeners of end of test
2023-03-16 11:05:24,374 INFO o.a.j.g.u.JMeterMenuBar: setRunning(false, *local*)
2023-03-16 11:06:16,504 INFO o.a.j.e.StandardJMeterEngine: Running the test!
2023-03-16 11:06:16,504 INFO o.a.j.s.SampleEvent: List of sample_variables: []
2023-03-16 11:06:16,504 INFO o.a.j.g.u.JMeterMenuBar: setRunning(true, *local*)
2023-03-16 11:06:16,559 INFO o.a.j.e.StandardJMeterEngine: Starting ThreadGroup: 1 : Thread Group
2023-03-16 11:06:16,559 INFO o.a.j.e.StandardJMeterEngine: Starting 10 threads for group Thread Group.
2023-03-16 11:06:16,559 INFO o.a.j.e.StandardJMeterEngine: Thread will continue on error
2023-03-16 11:06:16,559 INFO o.a.j.t.ThreadGroup: Starting thread group... number=1 threads=10 ramp-up=1 delayedStart=false
2023-03-16 11:06:16,559 INFO o.a.j.t.JMeterThread: Thread started: Thread Group 1-1
2023-03-16 11:06:16,571 INFO o.a.j.t.ThreadGroup: Started thread group number 1
2023-03-16 11:06:16,571 INFO o.a.j.e.StandardJMeterEngine: All thread groups have been started
2023-03-16 11:06:16,681 INFO o.a.j.t.JMeterThread: Thread started: Thread Group 1-2
2023-03-16 11:06:16,771 INFO o.a.j.t.JMeterThread: Thread started: Thread Group 1-3
2023-03-16 11:06:16,871 INFO o.a.j.t.JMeterThread: Thread started: Thread Group 1-4
2023-03-16 11:06:16,966 INFO o.a.j.t.JMeterThread: Thread is done: Thread Group 1-2
2023-03-16 11:06:16,966 INFO o.a.j.t.JMeterThread: Thread is done: Thread Group 1-1
2023-03-16 11:06:16,967 INFO o.a.j.t.JMeterThread: Thread finished: Thread Group 1-2
2023-03-16 11:06:16,967 INFO o.a.j.t.JMeterThread: Thread finished: Thread Group 1-1
2023-03-16 11:06:16,975 INFO o.a.j.t.JMeterThread: Thread started: Thread Group 1-5
2023-03-16 11:06:17,064 INFO o.a.j.t.JMeterThread: Thread started: Thread Group 1-6
2023-03-16 11:06:17,165 INFO o.a.j.t.JMeterThread: Thread started: Thread Group 1-7
2023-03-16 11:06:17,265 INFO o.a.j.t.JMeterThread: Thread started: Thread Group 1-8
2023-03-16 11:06:17,363 INFO o.a.j.t.JMeterThread: Thread started: Thread Group 1-9
2023-03-16 11:06:17,464 INFO o.a.j.t.JMeterThread: Thread started: Thread Group 1-10
2023-03-16 11:06:18,789 INFO o.a.j.t.JMeterThread: Thread is done: Thread Group 1-3
2023-03-16 11:06:18,789 INFO o.a.j.t.JMeterThread: Thread finished: Thread Group 1-3
2023-03-16 11:06:18,884 INFO o.a.j.t.JMeterThread: Thread is done: Thread Group 1-4
2023-03-16 11:06:18,884 INFO o.a.j.t.JMeterThread: Thread finished: Thread Group 1-4
2023-03-16 11:06:19,000 INFO o.a.j.t.JMeterThread: Thread is done: Thread Group 1-5
2023-03-16 11:06:19,000 INFO o.a.j.t.JMeterThread: Thread finished: Thread Group 1-5
2023-03-16 11:06:19,075 INFO o.a.j.t.JMeterThread: Thread is done: Thread Group 1-6
2023-03-16 11:06:19,075 INFO o.a.j.t.JMeterThread: Thread finished: Thread Group 1-6
2023-03-16 11:06:19,182 INFO o.a.j.t.JMeterThread: Thread is done: Thread Group 1-7
2023-03-16 11:06:19,182 INFO o.a.j.t.JMeterThread: Thread finished: Thread Group 1-7
2023-03-16 11:06:19,283 INFO o.a.j.t.JMeterThread: Thread is done: Thread Group 1-8
2023-03-16 11:06:19,283 INFO o.a.j.t.JMeterThread: Thread finished: Thread Group 1-8
2023-03-16 11:06:19,382 INFO o.a.j.t.JMeterThread: Thread is done: Thread Group 1-9
2023-03-16 11:06:19,382 INFO o.a.j.t.JMeterThread: Thread finished: Thread Group 1-9
2023-03-16 11:06:19,487 INFO o.a.j.t.JMeterThread: Thread is done: Thread Group 1-10
2023-03-16 11:06:19,487 INFO o.a.j.t.JMeterThread: Thread finished: Thread Group 1-10
2023-03-16 11:06:19,487 INFO o.a.j.e.StandardJMeterEngine: Notifying test listeners of end of test
2023-03-16 11:06:19,487 INFO o.a.j.g.u.JMeterMenuBar: setRunning(false, *local*)
